TN:
SF:src/cli.ts
FN:14,printUsage
FN:42,getClaudeConfigPath
FN:57,getCodexConfigPath
FN:61,getGeminiConfigPath
FN:65,initGeminiConfig
FN:104,(anonymous_5)
FN:105,(anonymous_6)
FN:120,updateGeminiConfig
FN:131,(anonymous_8)
FN:132,(anonymous_9)
FN:151,writeGeminiConfig
FN:170,initClaudeConfig
FN:209,(anonymous_12)
FN:223,updateConfig
FN:234,(anonymous_14)
FN:235,(anonymous_15)
FN:254,writeClaudeConfig
FN:273,initCodexConfig
FN:311,(anonymous_18)
FN:312,(anonymous_19)
FN:331,writeCodexConfig
FN:355,showConfig
FN:448,startServer
FN:469,(anonymous_23)
FN:474,(anonymous_24)
FN:483,runCli
FNF:26
FNH:0
FNDA:0,printUsage
FNDA:0,getClaudeConfigPath
FNDA:0,getCodexConfigPath
FNDA:0,getGeminiConfigPath
FNDA:0,initGeminiConfig
FNDA:0,(anonymous_5)
FNDA:0,(anonymous_6)
FNDA:0,updateGeminiConfig
FNDA:0,(anonymous_8)
FNDA:0,(anonymous_9)
FNDA:0,writeGeminiConfig
FNDA:0,initClaudeConfig
FNDA:0,(anonymous_12)
FNDA:0,updateConfig
FNDA:0,(anonymous_14)
FNDA:0,(anonymous_15)
FNDA:0,writeClaudeConfig
FNDA:0,initCodexConfig
FNDA:0,(anonymous_18)
FNDA:0,(anonymous_19)
FNDA:0,writeCodexConfig
FNDA:0,showConfig
FNDA:0,startServer
FNDA:0,(anonymous_23)
FNDA:0,(anonymous_24)
FNDA:0,runCli
DA:11,0
DA:12,0
DA:15,0
DA:43,0
DA:45,0
DA:47,0
DA:48,0
DA:50,0
DA:53,0
DA:58,0
DA:62,0
DA:66,0
DA:67,0
DA:70,0
DA:71,0
DA:74,0
DA:77,0
DA:78,0
DA:79,0
DA:80,0
DA:81,0
DA:83,0
DA:84,0
DA:89,0
DA:90,0
DA:94,0
DA:95,0
DA:96,0
DA:97,0
DA:99,0
DA:104,0
DA:105,0
DA:106,0
DA:107,0
DA:109,0
DA:111,0
DA:112,0
DA:116,0
DA:121,0
DA:123,0
DA:125,0
DA:126,0
DA:131,0
DA:132,0
DA:133,0
DA:134,0
DA:136,0
DA:137,0
DA:138,0
DA:139,0
DA:142,0
DA:143,0
DA:147,0
DA:153,0
DA:163,0
DA:165,0
DA:166,0
DA:167,0
DA:171,0
DA:172,0
DA:175,0
DA:176,0
DA:179,0
DA:182,0
DA:183,0
DA:184,0
DA:185,0
DA:186,0
DA:188,0
DA:189,0
DA:194,0
DA:195,0
DA:199,0
DA:200,0
DA:201,0
DA:202,0
DA:204,0
DA:209,0
DA:210,0
DA:211,0
DA:213,0
DA:214,0
DA:216,0
DA:219,0
DA:224,0
DA:226,0
DA:228,0
DA:229,0
DA:234,0
DA:235,0
DA:236,0
DA:237,0
DA:239,0
DA:240,0
DA:241,0
DA:242,0
DA:245,0
DA:246,0
DA:250,0
DA:256,0
DA:266,0
DA:268,0
DA:269,0
DA:270,0
DA:274,0
DA:275,0
DA:278,0
DA:279,0
DA:282,0
DA:283,0
DA:286,0
DA:287,0
DA:288,0
DA:289,0
DA:290,0
DA:292,0
DA:293,0
DA:297,0
DA:298,0
DA:299,0
DA:303,0
DA:305,0
DA:306,0
DA:311,0
DA:312,0
DA:313,0
DA:314,0
DA:316,0
DA:317,0
DA:318,0
DA:319,0
DA:322,0
DA:323,0
DA:327,0
DA:333,0
DA:343,0
DA:345,0
DA:346,0
DA:347,0
DA:348,0
DA:349,0
DA:351,0
DA:356,0
DA:357,0
DA:358,0
DA:360,0
DA:363,0
DA:364,0
DA:365,0
DA:366,0
DA:367,0
DA:368,0
DA:370,0
DA:371,0
DA:372,0
DA:373,0
DA:375,0
DA:378,0
DA:381,0
DA:384,0
DA:387,0
DA:388,0
DA:389,0
DA:390,0
DA:391,0
DA:392,0
DA:393,0
DA:394,0
DA:395,0
DA:397,0
DA:400,0
DA:403,0
DA:406,0
DA:409,0
DA:410,0
DA:411,0
DA:412,0
DA:413,0
DA:414,0
DA:416,0
DA:417,0
DA:418,0
DA:419,0
DA:421,0
DA:424,0
DA:427,0
DA:430,0
DA:432,0
DA:434,0
DA:435,0
DA:436,0
DA:437,0
DA:438,0
DA:440,0
DA:441,0
DA:442,0
DA:443,0
DA:444,0
DA:449,0
DA:450,0
DA:451,0
DA:452,0
DA:453,0
DA:454,0
DA:457,0
DA:459,0
DA:460,0
DA:461,0
DA:462,0
DA:464,0
DA:469,0
DA:470,0
DA:471,0
DA:474,0
DA:475,0
DA:476,0
DA:477,0
DA:484,0
DA:486,0
DA:488,0
DA:489,0
DA:491,0
DA:493,0
DA:494,0
DA:496,0
DA:497,0
DA:499,0
DA:500,0
DA:502,0
DA:503,0
DA:505,0
DA:506,0
DA:510,0
DA:511,0
DA:513,0
DA:514,0
DA:516,0
DA:517,0
DA:521,0
LF:239
LH:0
BRDA:45,0,0,0
BRDA:45,0,1,0
BRDA:48,1,0,0
BRDA:48,1,1,0
BRDA:50,2,0,0
BRDA:50,2,1,0
BRDA:70,3,0,0
BRDA:77,4,0,0
BRDA:89,5,0,0
BRDA:94,6,0,0
BRDA:94,6,1,0
BRDA:106,7,0,0
BRDA:106,7,1,0
BRDA:125,8,0,0
BRDA:125,8,1,0
BRDA:136,9,0,0
BRDA:158,10,0,0
BRDA:158,10,1,0
BRDA:175,11,0,0
BRDA:182,12,0,0
BRDA:194,13,0,0
BRDA:199,14,0,0
BRDA:199,14,1,0
BRDA:210,15,0,0
BRDA:210,15,1,0
BRDA:228,16,0,0
BRDA:228,16,1,0
BRDA:239,17,0,0
BRDA:261,18,0,0
BRDA:261,18,1,0
BRDA:278,19,0,0
BRDA:286,20,0,0
BRDA:297,21,0,0
BRDA:305,22,0,0
BRDA:305,22,1,0
BRDA:316,23,0,0
BRDA:365,24,0,0
BRDA:365,24,1,0
BRDA:370,25,0,0
BRDA:370,25,1,0
BRDA:389,26,0,0
BRDA:389,26,1,0
BRDA:392,27,0,0
BRDA:392,27,1,0
BRDA:411,28,0,0
BRDA:411,28,1,0
BRDA:416,29,0,0
BRDA:416,29,1,0
BRDA:434,30,0,0
BRDA:434,30,1,0
BRDA:436,31,0,0
BRDA:436,31,1,0
BRDA:441,32,0,0
BRDA:442,33,0,0
BRDA:443,34,0,0
BRDA:449,35,0,0
BRDA:462,36,0,0
BRDA:462,36,1,0
BRDA:475,37,0,0
BRDA:477,38,0,0
BRDA:477,38,1,0
BRDA:486,39,0,0
BRDA:486,39,1,0
BRDA:486,39,2,0
BRDA:486,39,3,0
BRDA:486,39,4,0
BRDA:486,39,5,0
BRDA:486,39,6,0
BRDA:513,40,0,0
BRDA:517,41,0,0
BRDA:517,41,1,0
BRF:71
BRH:0
end_of_record
TN:
SF:src/index.ts
FN:54,(anonymous_0)
FN:59,(anonymous_1)
FN:110,(anonymous_2)
FN:119,main
FN:126,(anonymous_4)
FN:133,(anonymous_5)
FN:140,(anonymous_6)
FN:146,(anonymous_7)
FNF:8
FNH:0
FNDA:0,(anonymous_0)
FNDA:0,(anonymous_1)
FNDA:0,(anonymous_2)
FNDA:0,main
FNDA:0,(anonymous_4)
FNDA:0,(anonymous_5)
FNDA:0,(anonymous_6)
FNDA:0,(anonymous_7)
DA:17,0
DA:19,0
DA:20,0
DA:21,0
DA:22,0
DA:25,0
DA:30,0
DA:32,0
DA:44,0
DA:54,0
DA:55,0
DA:56,0
DA:59,0
DA:60,0
DA:61,0
DA:63,0
DA:65,0
DA:67,0
DA:69,0
DA:70,0
DA:72,0
DA:73,0
DA:75,0
DA:76,0
DA:78,0
DA:79,0
DA:81,0
DA:82,0
DA:84,0
DA:85,0
DA:87,0
DA:88,0
DA:90,0
DA:96,0
DA:97,0
DA:98,0
DA:101,0
DA:102,0
DA:103,0
DA:104,0
DA:107,0
DA:108,0
DA:110,0
DA:114,0
DA:115,0
DA:120,0
DA:122,0
DA:123,0
DA:125,0
DA:126,0
DA:130,0
DA:133,0
DA:134,0
DA:135,0
DA:136,0
DA:140,0
DA:141,0
DA:142,0
DA:143,0
DA:146,0
DA:147,0
DA:148,0
DA:149,0
LF:63
LH:0
BRDA:19,0,0,0
BRDA:67,1,0,0
BRDA:67,1,1,0
BRDA:67,1,2,0
BRDA:67,1,3,0
BRDA:67,1,4,0
BRDA:67,1,5,0
BRDA:67,1,6,0
BRDA:67,1,7,0
BRDA:103,2,0,0
BRDA:107,3,0,0
BRDA:114,4,0,0
BRDA:114,4,1,0
BRF:13
BRH:0
end_of_record
TN:
SF:src/logger.ts
FN:9,(anonymous_0)
FN:22,(anonymous_1)
FN:42,(anonymous_2)
FN:49,(anonymous_3)
FN:64,(anonymous_4)
FN:68,(anonymous_5)
FN:82,(anonymous_6)
FN:98,(anonymous_7)
FN:102,(anonymous_8)
FN:106,(anonymous_9)
FN:110,(anonymous_10)
FN:114,(anonymous_11)
FN:121,(anonymous_12)
FN:130,(anonymous_13)
FN:144,(anonymous_14)
FN:152,(anonymous_15)
FN:161,(anonymous_16)
FN:177,(anonymous_17)
FNF:18
FNH:13
FNDA:5,(anonymous_0)
FNDA:5,(anonymous_1)
FNDA:83,(anonymous_2)
FNDA:31,(anonymous_3)
FNDA:26,(anonymous_4)
FNDA:156,(anonymous_5)
FNDA:83,(anonymous_6)
FNDA:52,(anonymous_7)
FNDA:1,(anonymous_8)
FNDA:0,(anonymous_9)
FNDA:5,(anonymous_10)
FNDA:0,(anonymous_11)
FNDA:0,(anonymous_12)
FNDA:0,(anonymous_13)
FNDA:13,(anonymous_14)
FNDA:8,(anonymous_15)
FNDA:21,(anonymous_16)
FNDA:0,(anonymous_17)
DA:6,5
DA:7,5
DA:9,5
DA:10,5
DA:11,5
DA:12,5
DA:13,5
DA:23,5
DA:26,5
DA:27,0
DA:30,5
DA:31,5
DA:32,5
DA:33,5
DA:35,5
DA:36,5
DA:37,5
DA:38,5
DA:39,5
DA:43,83
DA:44,83
DA:45,83
DA:46,83
DA:50,31
DA:51,31
DA:53,31
DA:54,6
DA:55,6
DA:57,0
DA:61,31
DA:66,26
DA:68,156
DA:69,0
DA:70,0
DA:75,26
DA:76,0
DA:79,26
DA:83,83
DA:84,52
DA:87,31
DA:90,31
DA:93,31
DA:94,31
DA:99,52
DA:103,1
DA:107,0
DA:111,5
DA:115,0
DA:122,0
DA:131,0
DA:145,13
DA:153,8
DA:162,21
DA:163,21
DA:165,21
DA:166,19
DA:167,19
DA:171,21
DA:173,0
DA:178,0
DA:179,0
DA:184,5
LF:62
LH:50
BRDA:9,0,0,5
BRDA:9,0,1,5
BRDA:22,1,0,5
BRDA:22,2,0,5
BRDA:26,3,0,0
BRDA:33,4,0,5
BRDA:33,4,1,5
BRDA:53,5,0,6
BRDA:54,6,0,6
BRDA:54,6,1,0
BRDA:68,7,0,0
BRDA:69,8,0,0
BRDA:69,9,0,0
BRDA:69,9,1,0
BRDA:75,10,0,0
BRDA:75,11,0,26
BRDA:75,11,1,2
BRDA:83,12,0,52
BRDA:93,13,0,31
BRDA:131,14,0,0
BRDA:131,14,1,0
BRDA:165,15,0,19
BRF:22
BRH:13
end_of_record
TN:
SF:src/scrapedo-client.ts
FN:85,(anonymous_0)
FN:97,(anonymous_1)
FN:99,(anonymous_2)
FN:113,(anonymous_3)
FN:128,(anonymous_4)
FN:131,(anonymous_5)
FN:150,(anonymous_6)
FN:181,(anonymous_7)
FN:182,(anonymous_8)
FN:245,(anonymous_9)
FN:285,(anonymous_10)
FN:289,(anonymous_11)
FN:314,(anonymous_12)
FN:342,(anonymous_13)
FN:364,(anonymous_14)
FN:367,(anonymous_15)
FNF:16
FNH:16
FNDA:5,(anonymous_0)
FNDA:32,(anonymous_1)
FNDA:10,(anonymous_2)
FNDA:15,(anonymous_3)
FNDA:1,(anonymous_4)
FNDA:2,(anonymous_5)
FNDA:11,(anonymous_6)
FNDA:2,(anonymous_7)
FNDA:1,(anonymous_8)
FNDA:7,(anonymous_9)
FNDA:4,(anonymous_10)
FNDA:5,(anonymous_11)
FNDA:2,(anonymous_12)
FNDA:7,(anonymous_13)
FNDA:4,(anonymous_14)
FNDA:5,(anonymous_15)
DA:7,4
DA:8,4
DA:9,4
DA:10,4
DA:12,4
DA:86,5
DA:87,5
DA:88,5
DA:89,5
DA:90,5
DA:92,5
DA:97,32
DA:100,10
DA:101,10
DA:102,10
DA:105,10
DA:113,10
DA:114,15
DA:115,5
DA:116,4
DA:117,1
DA:118,0
DA:120,1
DA:125,10
DA:129,1
DA:131,1
DA:132,2
DA:133,1
DA:134,1
DA:135,0
DA:136,0
DA:138,0
DA:143,1
DA:144,1
DA:151,11
DA:159,11
DA:162,11
DA:163,1
DA:164,1
DA:166,1
DA:170,1
DA:181,2
DA:183,1
DA:197,1
DA:198,0
DA:201,1
DA:202,1
DA:203,1
DA:208,10
DA:209,10
DA:211,10
DA:219,10
DA:220,10
DA:221,6
DA:227,7
DA:228,7
DA:235,7
DA:237,4
DA:238,4
DA:239,4
DA:241,0
DA:246,7
DA:253,7
DA:254,1
DA:255,1
DA:258,6
DA:259,1
DA:260,1
DA:261,1
DA:263,1
DA:264,1
DA:266,1
DA:267,1
DA:269,5
DA:270,1
DA:272,4
DA:273,4
DA:276,6
DA:277,1
DA:282,6
DA:286,4
DA:290,5
DA:291,5
DA:293,5
DA:295,1
DA:297,2
DA:299,1
DA:301,0
DA:303,0
DA:305,0
DA:307,1
DA:308,1
DA:310,0
DA:315,2
DA:317,2
DA:318,2
DA:319,2
DA:321,2
DA:322,1
DA:324,1
DA:331,1
DA:332,1
DA:334,1
DA:335,1
DA:336,1
DA:338,0
DA:343,7
DA:345,7
DA:346,2
DA:347,5
DA:348,1
DA:349,4
DA:350,1
DA:353,7
DA:354,7
DA:355,1
DA:357,7
DA:358,2
DA:361,7
DA:365,4
DA:367,4
DA:368,5
DA:369,5
DA:370,2
DA:371,3
DA:372,1
DA:374,2
DA:379,4
DA:380,4
LF:129
LH:118
BRDA:114,0,0,5
BRDA:114,1,0,15
BRDA:114,1,1,5
BRDA:114,1,2,5
BRDA:114,1,3,5
BRDA:115,2,0,4
BRDA:115,2,1,1
BRDA:117,3,0,0
BRDA:117,3,1,1
BRDA:132,4,0,1
BRDA:132,5,0,2
BRDA:132,5,1,1
BRDA:132,5,2,1
BRDA:133,6,0,1
BRDA:133,6,1,0
BRDA:135,7,0,0
BRDA:135,7,1,0
BRDA:135,8,0,0
BRDA:135,8,1,0
BRDA:143,9,0,1
BRDA:143,9,1,0
BRDA:150,10,0,10
BRDA:162,11,0,1
BRDA:162,11,1,10
BRDA:171,12,0,1
BRDA:171,12,1,1
BRDA:181,13,0,2
BRDA:181,13,1,1
BRDA:181,13,2,1
BRDA:183,14,0,1
BRDA:183,14,1,0
BRDA:184,15,0,0
BRDA:184,15,1,0
BRDA:193,16,0,1
BRDA:193,16,1,1
BRDA:194,17,0,0
BRDA:194,17,1,1
BRDA:197,18,0,0
BRDA:201,19,0,1
BRDA:201,19,1,0
BRDA:203,20,0,1
BRDA:203,20,1,0
BRDA:212,21,0,10
BRDA:212,21,1,10
BRDA:215,22,0,10
BRDA:215,22,1,10
BRDA:216,23,0,0
BRDA:216,23,1,10
BRDA:238,24,0,4
BRDA:253,25,0,1
BRDA:258,26,0,1
BRDA:258,26,1,5
BRDA:260,27,0,1
BRDA:263,28,0,1
BRDA:266,29,0,1
BRDA:269,30,0,1
BRDA:269,30,1,4
BRDA:276,31,0,1
BRDA:276,32,0,6
BRDA:276,32,1,1
BRDA:277,33,0,1
BRDA:277,33,1,0
BRDA:293,34,0,1
BRDA:293,34,1,2
BRDA:293,34,2,1
BRDA:293,34,3,0
BRDA:293,34,4,0
BRDA:293,34,5,0
BRDA:293,34,6,1
BRDA:307,35,0,1
BRDA:310,36,0,0
BRDA:310,36,1,0
BRDA:325,37,0,1
BRDA:325,37,1,0
BRDA:326,38,0,1
BRDA:326,38,1,0
BRDA:327,39,0,1
BRDA:327,39,1,0
BRDA:328,40,0,1
BRDA:328,40,1,0
BRDA:335,41,0,1
BRDA:345,42,0,2
BRDA:345,42,1,5
BRDA:345,43,0,7
BRDA:345,43,1,3
BRDA:347,44,0,1
BRDA:347,44,1,4
BRDA:349,45,0,1
BRDA:354,46,0,1
BRDA:357,47,0,2
BRDA:368,48,0,5
BRDA:368,49,0,5
BRDA:368,49,1,5
BRDA:369,50,0,2
BRDA:369,50,1,3
BRDA:371,51,0,1
BRDA:371,51,1,2
BRDA:371,52,0,3
BRDA:371,52,1,1
BRDA:379,53,0,3
BRDA:379,53,1,1
BRF:101
BRH:76
end_of_record
TN:
SF:src/tools/optimized-scraping.ts
FN:106,handleScrapeOptimized
FN:164,handleScrapeSmart
FN:184,handleScrapeStructured
FNF:3
FNH:0
FNDA:0,handleScrapeOptimized
FNDA:0,handleScrapeSmart
FNDA:0,handleScrapeStructured
DA:6,0
DA:56,0
DA:81,0
DA:108,0
DA:119,0
DA:122,0
DA:134,0
DA:135,0
DA:151,0
DA:166,0
DA:172,0
DA:174,0
DA:186,0
DA:191,0
DA:192,0
DA:207,0
DA:212,0
LF:17
LH:0
BRDA:110,0,0,0
BRDA:110,0,1,0
BRDA:113,1,0,0
BRDA:113,1,1,0
BRDA:123,2,0,0
BRDA:123,2,1,0
BRDA:124,3,0,0
BRDA:124,3,1,0
BRDA:126,4,0,0
BRDA:126,4,1,0
BRDA:128,5,0,0
BRDA:128,5,1,0
BRDA:134,6,0,0
BRDA:134,7,0,0
BRDA:134,7,1,0
BRDA:168,8,0,0
BRDA:168,8,1,0
BRDA:188,9,0,0
BRDA:188,9,1,0
BRDA:191,10,0,0
BRDA:209,11,0,0
BRDA:209,11,1,0
BRF:22
BRH:0
end_of_record
TN:
SF:src/tools/output-format.ts
FN:32,handleScrapeToMarkdown
FNF:1
FNH:1
FNDA:11,handleScrapeToMarkdown
DA:5,1
DA:33,11
DA:38,10
DA:40,10
LF:4
LH:4
BRDA:44,0,0,10
BRDA:44,0,1,2
BRDA:44,0,2,1
BRF:3
BRH:3
end_of_record
TN:
SF:src/tools/scraping.ts
FN:136,handleScrape
FN:150,handleScrapeWithJs
FN:164,handleScrapeWithProxy
FNF:3
FNH:3
FNDA:5,handleScrape
FNDA:5,handleScrapeWithJs
FNDA:5,handleScrapeWithProxy
DA:5,1
DA:42,1
DA:99,1
DA:137,5
DA:138,4
DA:140,4
DA:151,5
DA:152,5
DA:154,5
DA:165,5
DA:166,5
DA:168,5
LF:12
LH:12
BRF:0
BRH:0
end_of_record
TN:
SF:src/tools/screenshot.ts
FN:41,handleTakeScreenshot
FNF:1
FNH:1
FNDA:13,handleTakeScreenshot
DA:5,1
DA:42,13
DA:52,12
DA:54,12
LF:4
LH:4
BRDA:47,0,0,13
BRDA:47,0,1,11
BRF:2
BRH:2
end_of_record
TN:
SF:src/tools/utility.ts
FN:50,handleGetUsageStats
FN:63,handleGenerateProxyConfig
FNF:2
FNH:2
FNDA:4,handleGetUsageStats
FNDA:5,handleGenerateProxyConfig
DA:5,1
DA:14,1
DA:51,4
DA:53,3
DA:64,5
DA:66,5
LF:6
LH:6
BRF:0
BRH:0
end_of_record
